빌드 시작: 2014-07-06 오전 6:14:56
     1>2 노드의 "D:\Csg API\인게임1\인게임1\인게임1.vcxproj" 프로젝트(Build 대상)입니다.
     1>ClCompile:
         C:\Program Files (x86)\Microsoft Visual Studio 12.0\VC\bin\CL.exe /c /ZI /nologo /W3 /WX- /Od /Oy- /D WIN32 /D _DEBUG /D _WINDOWS /D _UNICODE /D UNICODE /Gm /EHsc /RTC1 /MDd /GS /fp:precise /Zc:wchar_t /Zc:forScope /Fo"Debug\\" /Fd"Debug\vc120.pdb" /Gd /TP /analyze- /errorReport:prompt game.cpp
         game.cpp
     1>d:\csg api\인게임1\인게임1\game.cpp(238): warning C4244: '인수' : 'LONG'에서 'const float'(으)로 변환하면서 데이터가 손실될 수 있습니다.
     1>d:\csg api\인게임1\인게임1\game.cpp(265): warning C4244: '인수' : 'float'에서 'const LONG'(으)로 변환하면서 데이터가 손실될 수 있습니다.
     1>d:\csg api\인게임1\인게임1\game.cpp(270): warning C4244: '인수' : 'float'에서 'const LONG'(으)로 변환하면서 데이터가 손실될 수 있습니다.
     1>d:\csg api\인게임1\인게임1\game.cpp(274): warning C4244: '인수' : 'float'에서 'const LONG'(으)로 변환하면서 데이터가 손실될 수 있습니다.
     1>d:\csg api\인게임1\인게임1\game.cpp(280): warning C4244: '인수' : 'float'에서 'const LONG'(으)로 변환하면서 데이터가 손실될 수 있습니다.
       Link:
         C:\Program Files (x86)\Microsoft Visual Studio 12.0\VC\bin\link.exe /ERRORREPORT:PROMPT /OUT:"D:\Csg API\인게임1\Debug\인게임1.exe" /INCREMENTAL /NOLOGO kernel32.lib user32.lib gdi32.lib winspool.lib comdlg32.lib advapi32.lib shell32.lib ole32.lib oleaut32.lib uuid.lib odbc32.lib odbccp32.lib /MANIFEST /MANIFESTUAC:"level='asInvoker' uiAccess='false'" /manifest:embed /DEBUG /PDB:"D:\Csg API\인게임1\Debug\인게임1.pdb" /SUBSYSTEM:WINDOWS /TLBID:1 /DYNAMICBASE /NXCOMPAT /IMPLIB:"D:\Csg API\인게임1\Debug\인게임1.lib" /MACHINE:X86 Debug\Animation.obj
         Debug\BaseType.obj
         Debug\BitmapDepot.obj
         Debug\character_inform.obj
         Debug\character_inform_manager.obj
         Debug\character_inform_state.obj
         Debug\DoubleBuffer.obj
         Debug\FSM.obj
         Debug\Image.obj
         Debug\game.obj
         Debug\winmain.obj
         Debug\winproc.obj
         인게임1.vcxproj -> D:\Csg API\인게임1\Debug\인게임1.exe
     1>"D:\Csg API\인게임1\인게임1\인게임1.vcxproj" 프로젝트를 빌드했습니다(Build 대상).

빌드했습니다.

경과 시간: 00:00:02.07
